c:\programming\shootinggame01\v01\shootinggame01v01\debug\vc142.pdb
c:\programming\shootinggame01\v01\shootinggame01v01\debug\vc142.idb
c:\programming\shootinggame01\v01\shootinggame01v01\debug\player.obj
c:\programming\shootinggame01\v01\shootinggame01v01\debug\enemy.obj
c:\programming\shootinggame01\v01\shootinggame01v01\debug\control.obj
c:\programming\shootinggame01\v01\shootinggame01v01\debug\menu.obj
c:\programming\shootinggame01\v01\shootinggame01v01\debug\main.obj
c:\programming\shootinggame01\v01\shootinggame01v01\debug\pch.obj
c:\programming\shootinggame01\v01\shootinggame01v01\debug\boss.obj
c:\programming\shootinggame01\v01\shootinggame01v01\debug\background.obj
c:\programming\shootinggame01\v01\shootinggame01v01\debug\shootinggame01v01.ilk
c:\programming\shootinggame01\v01\shootinggame01v01\debug\shootinggame01v01.exe
c:\programming\shootinggame01\v01\shootinggame01v01\debug\shootinggame01v01.pdb
c:\programming\shootinggame01\v01\shootinggame01v01\debug\vc141.idb
c:\programming\shootinggame01\v01\shootinggame01v01\debug\vc141.pdb
c:\programming\shootinggame01\v01\shootinggame01v01\debug\shooting.b3ebb745.tlog\cl.command.1.tlog
c:\programming\shootinggame01\v01\shootinggame01v01\debug\shooting.b3ebb745.tlog\cl.read.1.tlog
c:\programming\shootinggame01\v01\shootinggame01v01\debug\shooting.b3ebb745.tlog\cl.write.1.tlog
c:\programming\shootinggame01\v01\shootinggame01v01\debug\shooting.b3ebb745.tlog\link.command.1.tlog
c:\programming\shootinggame01\v01\shootinggame01v01\debug\shooting.b3ebb745.tlog\link.read.1.tlog
c:\programming\shootinggame01\v01\shootinggame01v01\debug\shooting.b3ebb745.tlog\link.write.1.tlog
